{
  "stats": {
    "suites": 0,
    "tests": 2,
    "passes": 0,
    "pending": 0,
    "failures": 2,
    "start": "2023-09-11T08:52:15.589Z",
    "end": "2023-09-11T08:52:37.899Z",
    "duration": 22310,
    "testsRegistered": 2,
    "passPercent": 0,
    "pendingPercent": 0,
    "other": 0,
    "hasOther": false,
    "skipped": 0,
    "hasSkipped": false
  },
  "results": [
    {
      "uuid": "5d8a78e7-f7fd-4574-abb2-3709b5d7bdcd",
      "title": "",
      "fullFile": "cypress/integration/login.ts",
      "file": "cypress/integration/login.ts",
      "beforeHooks": [],
      "afterHooks": [],
      "tests": [
        {
          "title": "Test Sauce Demo Sauce Valid Product",
          "fullTitle": "Test Sauce Demo Sauce Valid Product",
          "timedOut": null,
          "duration": 11773,
          "state": "failed",
          "speed": null,
          "pass": false,
          "fail": true,
          "pending": false,
          "context": null,
          "code": "loginPage.login(URL, 'standard_user', 'secret_sauce');\nloginPage.assertLogin();\ndashboardPage.sauceLabsBackpack();",
          "err": {
            "message": "AssertionError: Timed out retrying after 4000ms: Expected to find content: 'Sauce Labs Backpack' but never did.",
            "estack": "AssertionError: Timed out retrying after 4000ms: Expected to find content: 'Sauce Labs Backpack' but never did.\n    at DashboardPage.sauceLabsBackpack (https://www.saucedemo.com/__cypress/tests?p=cypress/integration/login.ts:136:44)\n    at Context.eval (https://www.saucedemo.com/__cypress/tests?p=cypress/integration/login.ts:107:19)",
            "diff": null
          },
          "uuid": "7d0ff3ef-825d-43de-a5c2-ef360fd958c9",
          "parentUUID": "5d8a78e7-f7fd-4574-abb2-3709b5d7bdcd",
          "isHook": false,
          "skipped": false
        },
        {
          "title": "Test Sauce Demo Sauce inValid Product",
          "fullTitle": "Test Sauce Demo Sauce inValid Product",
          "timedOut": null,
          "duration": 6252,
          "state": "failed",
          "speed": null,
          "pass": false,
          "fail": true,
          "pending": false,
          "context": null,
          "code": "loginPage.login(URL, 'standard_user', 'secret_sauce');\nloginPage.assertLogin();\ndashboardPage.sauceInvalidLabsBackpack();",
          "err": {
            "message": "AssertionError: Timed out retrying after 4000ms: Expected to find content: 'Tomato Sauce' but never did.",
            "estack": "AssertionError: Timed out retrying after 4000ms: Expected to find content: 'Tomato Sauce' but never did.\n    at DashboardPage.sauceInvalidLabsBackpack (https://www.saucedemo.com/__cypress/tests?p=cypress/integration/login.ts:139:12)\n    at Context.eval (https://www.saucedemo.com/__cypress/tests?p=cypress/integration/login.ts:112:19)",
            "diff": null
          },
          "uuid": "48432069-3864-4d34-b8b9-1874fa2eb36e",
          "parentUUID": "5d8a78e7-f7fd-4574-abb2-3709b5d7bdcd",
          "isHook": false,
          "skipped": false
        }
      ],
      "suites": [],
      "passes": [],
      "failures": [
        "7d0ff3ef-825d-43de-a5c2-ef360fd958c9",
        "48432069-3864-4d34-b8b9-1874fa2eb36e"
      ],
      "pending": [],
      "skipped": [],
      "duration": 18025,
      "root": true,
      "rootEmpty": false,
      "_timeout": 2000
    }
  ],
  "meta": {
    "mocha": {
      "version": "7.0.1"
    },
    "mochawesome": {
      "options": {
        "quiet": false,
        "reportFilename": "mochawesome",
        "saveHtml": false,
        "saveJson": true,
        "consoleReporter": "spec",
        "useInlineDiffs": false,
        "code": true
      },
      "version": "7.1.3"
    },
    "marge": {
      "options": {
        "chart": true,
        "overwrite": false,
        "html": false,
        "json": true,
        "reportDir": "cypress/reports"
      },
      "version": "6.2.0"
    }
  }
}