{
  "stats": {
    "suites": 0,
    "tests": 2,
    "passes": 0,
    "pending": 0,
    "failures": 2,
    "start": "2023-09-11T09:01:10.023Z",
    "end": "2023-09-11T09:01:32.896Z",
    "duration": 22873,
    "testsRegistered": 2,
    "passPercent": 0,
    "pendingPercent": 0,
    "other": 0,
    "hasOther": false,
    "skipped": 0,
    "hasSkipped": false
  },
  "results": [
    {
      "uuid": "a0d4629c-6cdc-4969-8891-f98a2619ce5e",
      "title": "",
      "fullFile": "cypress/integration/login.ts",
      "file": "cypress/integration/login.ts",
      "beforeHooks": [],
      "afterHooks": [],
      "tests": [
        {
          "title": "Test Sauce Demo Sauce Valid Product",
          "fullTitle": "Test Sauce Demo Sauce Valid Product",
          "timedOut": null,
          "duration": 12613,
          "state": "failed",
          "speed": null,
          "pass": false,
          "fail": true,
          "pending": false,
          "context": null,
          "code": "loginPage.login(URL, 'standard_user', 'secret_sauce');\nloginPage.assertLogin();\ndashboardPage.sauceLabsBackpack();",
          "err": {
            "message": "AssertionError: Timed out retrying after 4000ms: Expected to find content: 'Sauce Labs Backpack' but never did.",
            "estack": "AssertionError: Timed out retrying after 4000ms: Expected to find content: 'Sauce Labs Backpack' but never did.\n    at DashboardPage.sauceLabsBackpack (https://www.saucedemo.com/__cypress/tests?p=cypress/integration/login.ts:136:44)\n    at Context.eval (https://www.saucedemo.com/__cypress/tests?p=cypress/integration/login.ts:107:19)",
            "diff": null
          },
          "uuid": "c20a30e6-ee4b-42d2-8fb2-41a2dcdb25b7",
          "parentUUID": "a0d4629c-6cdc-4969-8891-f98a2619ce5e",
          "isHook": false,
          "skipped": false
        },
        {
          "title": "Test Sauce Demo Sauce inValid Product",
          "fullTitle": "Test Sauce Demo Sauce inValid Product",
          "timedOut": null,
          "duration": 6458,
          "state": "failed",
          "speed": null,
          "pass": false,
          "fail": true,
          "pending": false,
          "context": null,
          "code": "loginPage.login(URL, 'standard_user', 'secret_sauce');\nloginPage.assertLogin();\ndashboardPage.sauceInvalidLabsBackpack();",
          "err": {
            "message": "AssertionError: Timed out retrying after 4000ms: Expected to find content: 'Tomato Sauce' but never did.",
            "estack": "AssertionError: Timed out retrying after 4000ms: Expected to find content: 'Tomato Sauce' but never did.\n    at DashboardPage.sauceInvalidLabsBackpack (https://www.saucedemo.com/__cypress/tests?p=cypress/integration/login.ts:139:12)\n    at Context.eval (https://www.saucedemo.com/__cypress/tests?p=cypress/integration/login.ts:112:19)",
            "diff": null
          },
          "uuid": "ebae6a3f-5dcf-448a-bbca-ddd10186c199",
          "parentUUID": "a0d4629c-6cdc-4969-8891-f98a2619ce5e",
          "isHook": false,
          "skipped": false
        }
      ],
      "suites": [],
      "passes": [],
      "failures": [
        "c20a30e6-ee4b-42d2-8fb2-41a2dcdb25b7",
        "ebae6a3f-5dcf-448a-bbca-ddd10186c199"
      ],
      "pending": [],
      "skipped": [],
      "duration": 19071,
      "root": true,
      "rootEmpty": false,
      "_timeout": 2000
    }
  ],
  "meta": {
    "mocha": {
      "version": "7.0.1"
    },
    "mochawesome": {
      "options": {
        "quiet": false,
        "reportFilename": "mochawesome",
        "saveHtml": false,
        "saveJson": true,
        "consoleReporter": "spec",
        "useInlineDiffs": false,
        "code": true
      },
      "version": "7.1.3"
    },
    "marge": {
      "options": {
        "chart": true,
        "overwrite": false,
        "html": false,
        "json": true,
        "reportDir": "cypress/reports"
      },
      "version": "6.2.0"
    }
  }
}