{
  "stats": {
    "suites": 0,
    "tests": 2,
    "passes": 2,
    "pending": 0,
    "failures": 0,
    "start": "2023-09-11T09:14:52.751Z",
    "end": "2023-09-11T09:15:05.884Z",
    "duration": 13133,
    "testsRegistered": 2,
    "passPercent": 100,
    "pendingPercent": 0,
    "other": 0,
    "hasOther": false,
    "skipped": 0,
    "hasSkipped": false
  },
  "results": [
    {
      "uuid": "3cd0c443-1e0c-4a00-865e-2eff6296957f",
      "title": "",
      "fullFile": "cypress/integration/login.ts",
      "file": "cypress/integration/login.ts",
      "beforeHooks": [],
      "afterHooks": [],
      "tests": [
        {
          "title": "Test Sauce Demo Sauce Valid Product",
          "fullTitle": "Test Sauce Demo Sauce Valid Product",
          "timedOut": null,
          "duration": 6749,
          "state": "passed",
          "speed": "medium",
          "pass": true,
          "fail": false,
          "pending": false,
          "context": null,
          "code": "loginPage.login(URL, 'standard_user', 'secret_sauce');\nloginPage.assertLogin();\ndashboardPage.sauceLabsBackpack();",
          "err": {},
          "uuid": "1b5753a3-98cd-4ebe-92cf-568d79abec2e",
          "parentUUID": "3cd0c443-1e0c-4a00-865e-2eff6296957f",
          "isHook": false,
          "skipped": false
        },
        {
          "title": "Test Sauce Demo Sauce Product Add to Chart",
          "fullTitle": "Test Sauce Demo Sauce Product Add to Chart",
          "timedOut": null,
          "duration": 1897,
          "state": "passed",
          "speed": "fast",
          "pass": true,
          "fail": false,
          "pending": false,
          "context": null,
          "code": "loginPage.login(URL, 'standard_user', 'secret_sauce');\nloginPage.assertLogin();\ndashboardPage.AddtoChart();",
          "err": {},
          "uuid": "3950848a-0edd-46be-985b-10f892c5e4dd",
          "parentUUID": "3cd0c443-1e0c-4a00-865e-2eff6296957f",
          "isHook": false,
          "skipped": false
        }
      ],
      "suites": [],
      "passes": [
        "1b5753a3-98cd-4ebe-92cf-568d79abec2e",
        "3950848a-0edd-46be-985b-10f892c5e4dd"
      ],
      "failures": [],
      "pending": [],
      "skipped": [],
      "duration": 8646,
      "root": true,
      "rootEmpty": false,
      "_timeout": 2000
    }
  ],
  "meta": {
    "mocha": {
      "version": "7.0.1"
    },
    "mochawesome": {
      "options": {
        "quiet": false,
        "reportFilename": "mochawesome",
        "saveHtml": false,
        "saveJson": true,
        "consoleReporter": "spec",
        "useInlineDiffs": false,
        "code": true
      },
      "version": "7.1.3"
    },
    "marge": {
      "options": {
        "chart": true,
        "overwrite": false,
        "html": false,
        "json": true,
        "reportDir": "cypress/reports"
      },
      "version": "6.2.0"
    }
  }
}